2023-08-29T00:55:12.979+05:30  INFO 11256 --- [restartedMain] .m.BusTicketReservationSystemApplication : Starting BusTicketReservationSystemApplication using Java 17.0.7 with PID 11256 (C:\Ankit\Book-My-Bus\Book My Bus(Backend)\target\classes started by Dell in C:\Ankit\Book-My-Bus)
2023-08-29T00:55:13.114+05:30  INFO 11256 --- [restartedMain] .m.BusTicketReservationSystemApplication : No active profile set, falling back to 1 default profile: "default"
2023-08-29T00:55:13.322+05:30  INFO 11256 --- [restartedMain] .e.DevToolsPropertyDefaultsPostProcessor : Devtools property defaults active! Set 'spring.devtools.add-properties' to 'false' to disable
2023-08-29T00:55:13.333+05:30  INFO 11256 --- [restartedMain] .e.DevToolsPropertyDefaultsPostProcessor : For additional web related logging consider setting the 'logging.level.web' property to 'DEBUG'
2023-08-29T00:55:16.311+05:30  INFO 11256 --- [restartedMain] .s.d.r.c.RepositoryConfigurationDelegate : Bootstrapping Spring Data JPA repositories in DEFAULT mode.
2023-08-29T00:55:16.493+05:30  INFO 11256 --- [restartedMain] .s.d.r.c.RepositoryConfigurationDelegate : Finished Spring Data repository scanning in 151 ms. Found 6 JPA repository interfaces.
2023-08-29T00:55:18.224+05:30  INFO 11256 --- [restartedMain] o.s.b.w.embedded.tomcat.TomcatWebServer  : Tomcat initialized with port(s): 8088 (http)
2023-08-29T00:55:18.242+05:30  INFO 11256 --- [restartedMain] o.apache.catalina.core.StandardService   : Starting service [Tomcat]
2023-08-29T00:55:18.247+05:30  INFO 11256 --- [restartedMain] o.apache.catalina.core.StandardEngine    : Starting Servlet engine: [Apache Tomcat/10.1.10]
2023-08-29T00:55:18.465+05:30  INFO 11256 --- [restartedMain] o.a.c.c.C.[Tomcat].[localhost].[/]       : Initializing Spring embedded WebApplicationContext
2023-08-29T00:55:18.467+05:30  INFO 11256 --- [restartedMain] w.s.c.ServletWebServerApplicationContext : Root WebApplicationContext: initialization completed in 5130 ms
2023-08-29T00:55:18.791+05:30  INFO 11256 --- [restartedMain] o.hibernate.jpa.internal.util.LogHelper  : HHH000204: Processing PersistenceUnitInfo [name: default]
2023-08-29T00:55:18.909+05:30  INFO 11256 --- [restartedMain] org.hibernate.Version                    : HHH000412: Hibernate ORM core version 6.2.5.Final
2023-08-29T00:55:18.909+05:30  INFO 11256 --- [restartedMain] org.hibernate.cfg.Environment            : HHH000406: Using bytecode reflection optimizer
2023-08-29T00:55:19.242+05:30  INFO 11256 --- [restartedMain] o.h.b.i.BytecodeProviderInitiator        : HHH000021: Bytecode provider name : bytebuddy
2023-08-29T00:55:19.489+05:30  INFO 11256 --- [restartedMain] o.s.o.j.p.SpringPersistenceUnitInfo      : No LoadTimeWeaver setup: ignoring JPA class transformer
2023-08-29T00:55:19.525+05:30  INFO 11256 --- [restartedMain] com.zaxxer.hikari.HikariDataSource       : HikariPool-1 - Starting...
2023-08-29T00:55:20.047+05:30  INFO 11256 --- [restartedMain] com.zaxxer.hikari.pool.HikariPool        : HikariPool-1 - Added connection com.mysql.cj.jdbc.ConnectionImpl@163b7a59
2023-08-29T00:55:20.052+05:30  INFO 11256 --- [restartedMain] com.zaxxer.hikari.HikariDataSource       : HikariPool-1 - Start completed.
2023-08-29T00:55:20.784+05:30  INFO 11256 --- [restartedMain] o.h.b.i.BytecodeProviderInitiator        : HHH000021: Bytecode provider name : bytebuddy
2023-08-29T00:55:22.157+05:30  INFO 11256 --- [restartedMain] o.h.e.t.j.p.i.JtaPlatformInitiator       : HHH000490: Using JtaPlatform implementation: [org.hibernate.engine.transaction.jta.platform.internal.NoJtaPlatform]
2023-08-29T00:55:22.436+05:30  INFO 11256 --- [restartedMain] j.LocalContainerEntityManagerFactoryBean : Initialized JPA EntityManagerFactory for persistence unit 'default'
2023-08-29T00:55:23.608+05:30  WARN 11256 --- [restartedMain] JpaBaseConfiguration$JpaWebConfiguration : spring.jpa.open-in-view is enabled by default. Therefore, database queries may be performed during view rendering. Explicitly configure spring.jpa.open-in-view to disable this warning
2023-08-29T00:55:25.719+05:30  INFO 11256 --- [restartedMain] o.s.b.d.a.OptionalLiveReloadServer       : LiveReload server is running on port 35729
2023-08-29T00:55:25.797+05:30  INFO 11256 --- [restartedMain] o.s.b.w.embedded.tomcat.TomcatWebServer  : Tomcat started on port(s): 8088 (http) with context path ''
2023-08-29T00:55:25.815+05:30  INFO 11256 --- [restartedMain] .m.BusTicketReservationSystemApplication : Started BusTicketReservationSystemApplication in 13.813 seconds (process running for 14.782)
2023-08-29T00:55:36.563+05:30  INFO 11256 --- [http-nio-8088-exec-2] o.a.c.c.C.[Tomcat].[localhost].[/]       : Initializing Spring DispatcherServlet 'dispatcherServlet'
2023-08-29T00:55:36.564+05:30  INFO 11256 --- [http-nio-8088-exec-2] o.s.web.servlet.DispatcherServlet        : Initializing Servlet 'dispatcherServlet'
2023-08-29T00:55:36.567+05:30  INFO 11256 --- [http-nio-8088-exec-2] o.s.web.servlet.DispatcherServlet        : Completed initialization in 2 ms
2023-08-29T00:55:37.208+05:30  WARN 11256 --- [http-nio-8088-exec-3] .m.m.a.ExceptionHandlerExceptionResolver : Resolved [com.masai.exception.LoginException: Admin already Logged in with this Username]
2023-08-29T00:56:07.217+05:30  WARN 11256 --- [http-nio-8088-exec-4] .m.m.a.ExceptionHandlerExceptionResolver : Resolved [com.masai.exception.LoginException: Admin already Logged in with this Username]
2023-08-29T00:56:15.759+05:30  WARN 11256 --- [http-nio-8088-exec-5] .m.m.a.ExceptionHandlerExceptionResolver : Resolved [com.masai.exception.LoginException: Admin already Logged in with this Username]
2023-08-29T00:56:42.541+05:30  WARN 11256 --- [http-nio-8088-exec-6] .m.m.a.ExceptionHandlerExceptionResolver : Resolved [com.masai.exception.LoginException: Admin already Logged in with this Username]
2023-08-29T00:57:20.329+05:30  WARN 11256 --- [http-nio-8088-exec-7] .m.m.a.ExceptionHandlerExceptionResolver : Resolved [com.masai.exception.UserException: Please provide a valid key to view buses]
2023-08-29T00:57:20.339+05:30  WARN 11256 --- [http-nio-8088-exec-8] .m.m.a.ExceptionHandlerExceptionResolver : Resolved [com.masai.exception.UserException: Please provide a valid key to view all user.]
2023-08-29T00:57:20.376+05:30  WARN 11256 --- [http-nio-8088-exec-9] .m.m.a.ExceptionHandlerExceptionResolver : Resolved [com.masai.exception.UserException: Please provide a valid key to view Route]
2023-08-29T00:57:23.532+05:30  WARN 11256 --- [http-nio-8088-exec-10] .m.m.a.ExceptionHandlerExceptionResolver : Resolved [com.masai.exception.LoginException: Admin not logged in with this Username.]
2023-08-29T00:57:45.417+05:30  WARN 11256 --- [http-nio-8088-exec-1] .m.m.a.ExceptionHandlerExceptionResolver : Resolved [com.masai.exception.LoginException: Admin already Logged in with this Username]
2023-08-29T00:57:58.855+05:30  WARN 11256 --- [http-nio-8088-exec-2] .m.m.a.ExceptionHandlerExceptionResolver : Resolved [com.masai.exception.LoginException: Admin already Logged in with this Username]
2023-08-29T00:59:06.094+05:30  WARN 11256 --- [http-nio-8088-exec-3] .m.m.a.ExceptionHandlerExceptionResolver : Resolved [com.masai.exception.LoginException: Admin already Logged in with this Username]
2023-08-29T01:00:04.239+05:30  INFO 1208 --- [restartedMain] .m.BusTicketReservationSystemApplication : Starting BusTicketReservationSystemApplication using Java 17.0.7 with PID 1208 (C:\Ankit\Book-My-Bus\Book My Bus(Backend)\target\classes started by Dell in C:\Ankit\Book-My-Bus)
2023-08-29T01:00:04.246+05:30  INFO 1208 --- [restartedMain] .m.BusTicketReservationSystemApplication : No active profile set, falling back to 1 default profile: "default"
2023-08-29T01:00:04.395+05:30  INFO 1208 --- [restartedMain] .e.DevToolsPropertyDefaultsPostProcessor : Devtools property defaults active! Set 'spring.devtools.add-properties' to 'false' to disable
2023-08-29T01:00:04.397+05:30  INFO 1208 --- [restartedMain] .e.DevToolsPropertyDefaultsPostProcessor : For additional web related logging consider setting the 'logging.level.web' property to 'DEBUG'
2023-08-29T01:00:06.311+05:30  INFO 1208 --- [restartedMain] .s.d.r.c.RepositoryConfigurationDelegate : Bootstrapping Spring Data JPA repositories in DEFAULT mode.
2023-08-29T01:00:06.497+05:30  INFO 1208 --- [restartedMain] .s.d.r.c.RepositoryConfigurationDelegate : Finished Spring Data repository scanning in 164 ms. Found 6 JPA repository interfaces.
2023-08-29T01:00:08.414+05:30  INFO 1208 --- [restartedMain] o.s.b.w.embedded.tomcat.TomcatWebServer  : Tomcat initialized with port(s): 8088 (http)
2023-08-29T01:00:08.465+05:30  INFO 1208 --- [restartedMain] o.apache.catalina.core.StandardService   : Starting service [Tomcat]
2023-08-29T01:00:08.470+05:30  INFO 1208 --- [restartedMain] o.apache.catalina.core.StandardEngine    : Starting Servlet engine: [Apache Tomcat/10.1.10]
2023-08-29T01:00:08.708+05:30  INFO 1208 --- [restartedMain] o.a.c.c.C.[Tomcat].[localhost].[/]       : Initializing Spring embedded WebApplicationContext
2023-08-29T01:00:08.710+05:30  INFO 1208 --- [restartedMain] w.s.c.ServletWebServerApplicationContext : Root WebApplicationContext: initialization completed in 4305 ms
2023-08-29T01:00:09.015+05:30  INFO 1208 --- [restartedMain] o.hibernate.jpa.internal.util.LogHelper  : HHH000204: Processing PersistenceUnitInfo [name: default]
2023-08-29T01:00:09.128+05:30  INFO 1208 --- [restartedMain] org.hibernate.Version                    : HHH000412: Hibernate ORM core version 6.2.5.Final
2023-08-29T01:00:09.132+05:30  INFO 1208 --- [restartedMain] org.hibernate.cfg.Environment            : HHH000406: Using bytecode reflection optimizer
2023-08-29T01:00:09.416+05:30  INFO 1208 --- [restartedMain] o.h.b.i.BytecodeProviderInitiator        : HHH000021: Bytecode provider name : bytebuddy
2023-08-29T01:00:09.665+05:30  INFO 1208 --- [restartedMain] o.s.o.j.p.SpringPersistenceUnitInfo      : No LoadTimeWeaver setup: ignoring JPA class transformer
2023-08-29T01:00:09.694+05:30  INFO 1208 --- [restartedMain] com.zaxxer.hikari.HikariDataSource       : HikariPool-1 - Starting...
2023-08-29T01:00:10.277+05:30  INFO 1208 --- [restartedMain] com.zaxxer.hikari.pool.HikariPool        : HikariPool-1 - Added connection com.mysql.cj.jdbc.ConnectionImpl@2019dd96
2023-08-29T01:00:10.281+05:30  INFO 1208 --- [restartedMain] com.zaxxer.hikari.HikariDataSource       : HikariPool-1 - Start completed.
2023-08-29T01:00:11.041+05:30  INFO 1208 --- [restartedMain] o.h.b.i.BytecodeProviderInitiator        : HHH000021: Bytecode provider name : bytebuddy
2023-08-29T01:00:12.517+05:30  INFO 1208 --- [restartedMain] o.h.e.t.j.p.i.JtaPlatformInitiator       : HHH000490: Using JtaPlatform implementation: [org.hibernate.engine.transaction.jta.platform.internal.NoJtaPlatform]
2023-08-29T01:00:12.788+05:30  INFO 1208 --- [restartedMain] j.LocalContainerEntityManagerFactoryBean : Initialized JPA EntityManagerFactory for persistence unit 'default'
2023-08-29T01:00:13.988+05:30  WARN 1208 --- [restartedMain] JpaBaseConfiguration$JpaWebConfiguration : spring.jpa.open-in-view is enabled by default. Therefore, database queries may be performed during view rendering. Explicitly configure spring.jpa.open-in-view to disable this warning
2023-08-29T01:00:15.533+05:30  INFO 1208 --- [restartedMain] o.s.b.d.a.OptionalLiveReloadServer       : LiveReload server is running on port 35729
2023-08-29T01:00:15.648+05:30  INFO 1208 --- [restartedMain] o.s.b.w.embedded.tomcat.TomcatWebServer  : Tomcat started on port(s): 8088 (http) with context path ''
2023-08-29T01:00:15.777+05:30  INFO 1208 --- [restartedMain] .m.BusTicketReservationSystemApplication : Started BusTicketReservationSystemApplication in 12.403 seconds (process running for 13.796)
2023-08-29T01:00:28.299+05:30  INFO 1208 --- [http-nio-8088-exec-1] o.a.c.c.C.[Tomcat].[localhost].[/]       : Initializing Spring DispatcherServlet 'dispatcherServlet'
2023-08-29T01:00:28.301+05:30  INFO 1208 --- [http-nio-8088-exec-1] o.s.web.servlet.DispatcherServlet        : Initializing Servlet 'dispatcherServlet'
2023-08-29T01:00:28.307+05:30  INFO 1208 --- [http-nio-8088-exec-1] o.s.web.servlet.DispatcherServlet        : Completed initialization in 4 ms
2023-08-29T01:00:29.245+05:30  WARN 1208 --- [http-nio-8088-exec-1] .m.m.a.ExceptionHandlerExceptionResolver : Resolved [com.masai.exception.LoginException: Admin already Logged in with this Username]
2023-08-29T01:00:41.164+05:30  WARN 1208 --- [http-nio-8088-exec-2] .m.m.a.ExceptionHandlerExceptionResolver : Resolved [com.masai.exception.UserException: Please provide a valid key to view buses]
2023-08-29T01:00:41.183+05:30  WARN 1208 --- [http-nio-8088-exec-3] .m.m.a.ExceptionHandlerExceptionResolver : Resolved [com.masai.exception.UserException: Please provide a valid key to view all user.]
2023-08-29T01:00:41.188+05:30  WARN 1208 --- [http-nio-8088-exec-4] .m.m.a.ExceptionHandlerExceptionResolver : Resolved [com.masai.exception.UserException: Please provide a valid key to view Route]
2023-08-29T01:00:42.127+05:30  WARN 1208 --- [http-nio-8088-exec-5] .m.m.a.ExceptionHandlerExceptionResolver : Resolved [com.masai.exception.UserException: Please provide a valid key to view buses]
2023-08-29T01:00:42.163+05:30  WARN 1208 --- [http-nio-8088-exec-7] .m.m.a.ExceptionHandlerExceptionResolver : Resolved [com.masai.exception.UserException: Please provide a valid key to view Route]
2023-08-29T01:00:42.166+05:30  WARN 1208 --- [http-nio-8088-exec-6] .m.m.a.ExceptionHandlerExceptionResolver : Resolved [com.masai.exception.UserException: Please provide a valid key to view all user.]
2023-08-29T01:00:45.866+05:30  WARN 1208 --- [http-nio-8088-exec-8] .m.m.a.ExceptionHandlerExceptionResolver : Resolved [com.masai.exception.LoginException: Admin not logged in with this Username.]
2023-08-29T01:00:56.946+05:30  WARN 1208 --- [http-nio-8088-exec-9] .m.m.a.ExceptionHandlerExceptionResolver : Resolved [com.masai.exception.LoginException: Admin already Logged in with this Username]
2023-08-29T01:01:09.294+05:30  WARN 1208 --- [http-nio-8088-exec-10] .m.m.a.ExceptionHandlerExceptionResolver : Resolved [com.masai.exception.LoginException: Admin already Logged in with this Username]
2023-08-29T01:01:15.990+05:30  WARN 1208 --- [http-nio-8088-exec-1] .m.m.a.ExceptionHandlerExceptionResolver : Resolved [com.masai.exception.LoginException: Admin already Logged in with this Username]
2023-08-29T01:01:18.268+05:30  WARN 1208 --- [http-nio-8088-exec-2] .m.m.a.ExceptionHandlerExceptionResolver : Resolved [com.masai.exception.LoginException: Admin already Logged in with this Username]
2023-08-29T01:01:28.230+05:30  WARN 1208 --- [http-nio-8088-exec-3] .m.m.a.ExceptionHandlerExceptionResolver : Resolved [org.springframework.web.HttpRequestMethodNotSupportedException: Request method 'GET' is not supported]
2023-08-29T01:01:28.471+05:30  WARN 1208 --- [http-nio-8088-exec-4] .m.m.a.ExceptionHandlerExceptionResolver : Resolved [org.springframework.web.HttpRequestMethodNotSupportedException: Request method 'GET' is not supported]
2023-08-29T01:01:29.039+05:30  WARN 1208 --- [http-nio-8088-exec-5] o.s.web.servlet.PageNotFound             : No mapping for GET /favicon.ico
2023-08-29T01:01:29.049+05:30  WARN 1208 --- [http-nio-8088-exec-5] .m.m.a.ExceptionHandlerExceptionResolver : Resolved [org.springframework.web.servlet.NoHandlerFoundException: No endpoint GET /favicon.ico.]
2023-08-29T01:03:40.769+05:30  WARN 1208 --- [http-nio-8088-exec-6] .m.m.a.ExceptionHandlerExceptionResolver : Resolved [com.masai.exception.LoginException: Admin already Logged in with this Username]
2023-08-29T01:04:09.753+05:30  INFO 1208 --- [http-nio-8088-exec-8] o.springdoc.api.AbstractOpenApiResource  : Init duration for springdoc-openapi is: 1123 ms
2023-08-29T01:05:14.923+05:30  WARN 1208 --- [http-nio-8088-exec-7] .m.m.a.ExceptionHandlerExceptionResolver : Resolved [javax.security.auth.login.LoginException: User already Logged in with this username.]
2023-08-29T01:05:22.583+05:30  WARN 1208 --- [http-nio-8088-exec-6] .m.m.a.ExceptionHandlerExceptionResolver : Resolved [javax.security.auth.login.LoginException: User already Logged in with this username.]
2023-08-29T01:05:31.218+05:30  WARN 1208 --- [http-nio-8088-exec-8] .m.m.a.ExceptionHandlerExceptionResolver : Resolved [javax.security.auth.login.LoginException: User already Logged in with this username.]
2023-08-29T01:05:41.450+05:30  WARN 1208 --- [http-nio-8088-exec-4] .m.m.a.ExceptionHandlerExceptionResolver : Resolved [javax.security.auth.login.LoginException: User already Logged in with this username.]
